2023-11-10 22:08:41.795 [INF] App server is starting.
2023-11-10 22:09:23.297 [INF] LogErrorHandlerMiddleware.Invoke
2023-11-10 22:09:23.299 [INF] HeartBeat
2023-11-10 22:09:23.300 [INF] LogRequestLoggingMiddleware.Invoke
2023-11-10 22:09:25.459 [INF] -------------Request-Begin------------
2023-11-10 22:09:25.459 [INF] Http Request Information: 
Schema:https 
Host: localhost:44309 
Path: /dealer/api/v1/Token 
QueryString:  
Request Body: {
  "email": "test@mail.com",
  "password": "12345"
}
2023-11-10 22:09:25.459 [INF] 

2023-11-10 22:09:25.460 [INF] Http Response Information: 
Schema:https 
Host: localhost:44309 
Path: /dealer/api/v1/Token 
QueryString:  
StatusCode: 200 
Response Body: {"success":true,"message":"Success","response":{"expireDate":"2023-11-10T22:14:25.4436932+03:00","token":"eyJhbGciOiJodHRwOi8vd3d3LnczLm9yZy8yMDAxLzA0L3htbGRzaWctbW9yZSNobWFjLXNoYTI1NiIsInR5cCI6IkpXVCJ9.eyJJZCI6IjEiLCJSb2xlIjoiRGVhbGVyIiwiRW1haWwiOiJ0ZXN0QG1haWwuY29tIiwiaHR0cDovL3NjaGVtYXMubWljcm9zb2Z0LmNvbS93cy8yMDA4LzA2L2lkZW50aXR5L2NsYWltcy9yb2xlIjoiRGVhbGVyIiwiRnVsbE5hbWUiOiJheWxpbiB5aWxkaXoiLCJleHAiOjE2OTk2NDM2NjUsImlzcyI6IlZrQXBpIiwiYXVkIjoiVmtBcGkifQ.Ql0tpExjVhyEoPrk_Mw06WJ7bcGIdpS9TNDIQCaaCCs","email":"test@mail.com","userId":0}}
2023-11-10 22:09:25.460 [INF] -------------Request-End------------
2023-11-10 22:09:39.744 [INF] LogErrorHandlerMiddleware.Invoke
2023-11-10 22:09:39.745 [INF] HeartBeat
2023-11-10 22:09:39.745 [INF] LogRequestLoggingMiddleware.Invoke
2023-11-10 22:10:39.816 [FTL] Path=/dealer/api/v1/Orders || Method=GET || Exception=The request for procedure 'GetLowStockProducts' failed because 'GetLowStockProducts' is a table valued function object.
2023-11-10 22:10:45.560 [INF] App server is starting.
2023-11-10 22:10:59.225 [INF] LogErrorHandlerMiddleware.Invoke
2023-11-10 22:10:59.226 [INF] HeartBeat
2023-11-10 22:10:59.226 [INF] LogRequestLoggingMiddleware.Invoke
2023-11-10 22:11:00.940 [INF] -------------Request-Begin------------
2023-11-10 22:11:00.940 [INF] Http Request Information: 
Schema:https 
Host: localhost:44309 
Path: /dealer/api/v1/Token 
QueryString:  
Request Body: {
  "email": "test@mail.com",
  "password": "12345"
}
2023-11-10 22:11:00.940 [INF] 

2023-11-10 22:11:00.940 [INF] Http Response Information: 
Schema:https 
Host: localhost:44309 
Path: /dealer/api/v1/Token 
QueryString:  
StatusCode: 200 
Response Body: {"success":true,"message":"Success","response":{"expireDate":"2023-11-10T22:16:00.9240458+03:00","token":"eyJhbGciOiJodHRwOi8vd3d3LnczLm9yZy8yMDAxLzA0L3htbGRzaWctbW9yZSNobWFjLXNoYTI1NiIsInR5cCI6IkpXVCJ9.eyJJZCI6IjEiLCJSb2xlIjoiRGVhbGVyIiwiRW1haWwiOiJ0ZXN0QG1haWwuY29tIiwiaHR0cDovL3NjaGVtYXMubWljcm9zb2Z0LmNvbS93cy8yMDA4LzA2L2lkZW50aXR5L2NsYWltcy9yb2xlIjoiRGVhbGVyIiwiRnVsbE5hbWUiOiJheWxpbiB5aWxkaXoiLCJleHAiOjE2OTk2NDM3NjAsImlzcyI6IlZrQXBpIiwiYXVkIjoiVmtBcGkifQ.ceUeSXhh-pXoIPIkREkU00FhGTQppiT6fp6OMQ686CM","email":"test@mail.com","userId":0}}
2023-11-10 22:11:00.940 [INF] -------------Request-End------------
2023-11-10 22:11:17.105 [INF] LogErrorHandlerMiddleware.Invoke
2023-11-10 22:11:17.105 [INF] HeartBeat
2023-11-10 22:11:17.105 [INF] LogRequestLoggingMiddleware.Invoke
2023-11-10 22:21:40.892 [INF] App server is starting.
2023-11-10 22:21:53.003 [INF] LogErrorHandlerMiddleware.Invoke
2023-11-10 22:21:53.004 [INF] HeartBeat
2023-11-10 22:21:53.005 [INF] LogRequestLoggingMiddleware.Invoke
2023-11-10 22:21:54.694 [INF] -------------Request-Begin------------
2023-11-10 22:21:54.695 [INF] Http Request Information: 
Schema:https 
Host: localhost:44309 
Path: /dealer/api/v1/Token 
QueryString:  
Request Body: {
  "email": "test@mail.com",
  "password": "12345"
}
2023-11-10 22:21:54.695 [INF] 

2023-11-10 22:21:54.695 [INF] Http Response Information: 
Schema:https 
Host: localhost:44309 
Path: /dealer/api/v1/Token 
QueryString:  
StatusCode: 200 
Response Body: {"success":true,"message":"Success","response":{"expireDate":"2023-11-10T22:26:54.6724911+03:00","token":"eyJhbGciOiJodHRwOi8vd3d3LnczLm9yZy8yMDAxLzA0L3htbGRzaWctbW9yZSNobWFjLXNoYTI1NiIsInR5cCI6IkpXVCJ9.eyJJZCI6IjEiLCJSb2xlIjoiRGVhbGVyIiwiRW1haWwiOiJ0ZXN0QG1haWwuY29tIiwiaHR0cDovL3NjaGVtYXMubWljcm9zb2Z0LmNvbS93cy8yMDA4LzA2L2lkZW50aXR5L2NsYWltcy9yb2xlIjoiRGVhbGVyIiwiRnVsbE5hbWUiOiJheWxpbiB5aWxkaXoiLCJleHAiOjE2OTk2NDQ0MTQsImlzcyI6IlZrQXBpIiwiYXVkIjoiVmtBcGkifQ.WpqKEoSpEv9qiRAU9n_9neMwk_tmYnaVVXQMEK8sIy8","email":"test@mail.com","userId":0}}
2023-11-10 22:21:54.695 [INF] -------------Request-End------------
2023-11-10 22:22:14.117 [INF] LogErrorHandlerMiddleware.Invoke
2023-11-10 22:22:14.117 [INF] HeartBeat
2023-11-10 22:22:14.117 [INF] LogRequestLoggingMiddleware.Invoke
2023-11-10 22:22:14.134 [INF] -------------Request-Begin------------
2023-11-10 22:22:14.134 [INF] Http Request Information: 
Schema:https 
Host: localhost:44309 
Path: /dealer/api/v1/Orders/GetOrderReportsQuery 
QueryString:  
Request Body: 
2023-11-10 22:22:14.134 [INF] 

2023-11-10 22:22:14.134 [INF] Http Response Information: 
Schema:https 
Host: localhost:44309 
Path: /dealer/api/v1/Orders/GetOrderReportsQuery 
QueryString:  
StatusCode: 401 
Response Body: 
2023-11-10 22:22:14.134 [INF] -------------Request-End------------
2023-11-10 22:22:18.985 [INF] LogErrorHandlerMiddleware.Invoke
2023-11-10 22:22:18.985 [INF] HeartBeat
2023-11-10 22:22:18.985 [INF] LogRequestLoggingMiddleware.Invoke
2023-11-10 22:22:19.252 [FTL] Path=/dealer/api/v1/Orders/GetOrderReportsQuery || Method=GET || Exception=The request for procedure 'GetLowStockProducts' failed because 'GetLowStockProducts' is a table valued function object.
2023-11-10 22:22:32.994 [INF] LogErrorHandlerMiddleware.Invoke
2023-11-10 22:22:32.995 [INF] HeartBeat
2023-11-10 22:22:32.995 [INF] LogRequestLoggingMiddleware.Invoke
2023-11-10 22:22:35.792 [FTL] Path=/dealer/api/v1/Orders/GetOrderReportsQuery || Method=GET || Exception=The request for procedure 'GetLowStockProducts' failed because 'GetLowStockProducts' is a table valued function object.
2023-11-10 22:23:00.268 [INF] App server is starting.
2023-11-10 22:23:12.738 [INF] LogErrorHandlerMiddleware.Invoke
2023-11-10 22:23:12.739 [INF] HeartBeat
2023-11-10 22:23:12.740 [INF] LogRequestLoggingMiddleware.Invoke
2023-11-10 22:23:14.499 [INF] -------------Request-Begin------------
2023-11-10 22:23:14.500 [INF] Http Request Information: 
Schema:https 
Host: localhost:44309 
Path: /dealer/api/v1/Token 
QueryString:  
Request Body: {
  "email": "test@mail.com",
  "password": "12345"
}
2023-11-10 22:23:14.500 [INF] 

2023-11-10 22:23:14.501 [INF] Http Response Information: 
Schema:https 
Host: localhost:44309 
Path: /dealer/api/v1/Token 
QueryString:  
StatusCode: 200 
Response Body: {"success":true,"message":"Success","response":{"expireDate":"2023-11-10T22:28:14.4773638+03:00","token":"eyJhbGciOiJodHRwOi8vd3d3LnczLm9yZy8yMDAxLzA0L3htbGRzaWctbW9yZSNobWFjLXNoYTI1NiIsInR5cCI6IkpXVCJ9.eyJJZCI6IjEiLCJSb2xlIjoiRGVhbGVyIiwiRW1haWwiOiJ0ZXN0QG1haWwuY29tIiwiaHR0cDovL3NjaGVtYXMubWljcm9zb2Z0LmNvbS93cy8yMDA4LzA2L2lkZW50aXR5L2NsYWltcy9yb2xlIjoiRGVhbGVyIiwiRnVsbE5hbWUiOiJheWxpbiB5aWxkaXoiLCJleHAiOjE2OTk2NDQ0OTQsImlzcyI6IlZrQXBpIiwiYXVkIjoiVmtBcGkifQ.JgNf2UlD9sbpI93lix_N_abHl4hRxWH78iNT84O26_Q","email":"test@mail.com","userId":0}}
2023-11-10 22:23:14.501 [INF] -------------Request-End------------
2023-11-10 22:23:30.141 [INF] LogErrorHandlerMiddleware.Invoke
2023-11-10 22:23:30.142 [INF] HeartBeat
2023-11-10 22:23:30.142 [INF] LogRequestLoggingMiddleware.Invoke
2023-11-10 22:23:33.624 [FTL] Path=/dealer/api/v1/Orders/GetOrderReportsQuery || Method=GET || Exception=The request for procedure 'GetLowStockProducts' failed because 'GetLowStockProducts' is a table valued function object.
2023-11-10 22:23:41.320 [INF] LogErrorHandlerMiddleware.Invoke
2023-11-10 22:23:41.321 [INF] HeartBeat
2023-11-10 22:23:41.321 [INF] LogRequestLoggingMiddleware.Invoke
2023-11-10 22:23:44.536 [FTL] Path=/dealer/api/v1/Orders/GetOrderReportsQuery || Method=GET || Exception=The request for procedure 'GetLowStockProducts' failed because 'GetLowStockProducts' is a table valued function object.
2023-11-10 22:24:06.996 [INF] App server is starting.
2023-11-10 22:24:19.224 [INF] LogErrorHandlerMiddleware.Invoke
2023-11-10 22:24:19.225 [INF] HeartBeat
2023-11-10 22:24:19.226 [INF] LogRequestLoggingMiddleware.Invoke
2023-11-10 22:24:20.961 [INF] -------------Request-Begin------------
2023-11-10 22:24:20.961 [INF] Http Request Information: 
Schema:https 
Host: localhost:44309 
Path: /dealer/api/v1/Token 
QueryString:  
Request Body: {
  "email": "test@mail.com",
  "password": "12345"
}
2023-11-10 22:24:20.961 [INF] 

2023-11-10 22:24:20.961 [INF] Http Response Information: 
Schema:https 
Host: localhost:44309 
Path: /dealer/api/v1/Token 
QueryString:  
StatusCode: 200 
Response Body: {"success":true,"message":"Success","response":{"expireDate":"2023-11-10T22:29:20.9436314+03:00","token":"eyJhbGciOiJodHRwOi8vd3d3LnczLm9yZy8yMDAxLzA0L3htbGRzaWctbW9yZSNobWFjLXNoYTI1NiIsInR5cCI6IkpXVCJ9.eyJJZCI6IjEiLCJSb2xlIjoiRGVhbGVyIiwiRW1haWwiOiJ0ZXN0QG1haWwuY29tIiwiaHR0cDovL3NjaGVtYXMubWljcm9zb2Z0LmNvbS93cy8yMDA4LzA2L2lkZW50aXR5L2NsYWltcy9yb2xlIjoiRGVhbGVyIiwiRnVsbE5hbWUiOiJheWxpbiB5aWxkaXoiLCJleHAiOjE2OTk2NDQ1NjAsImlzcyI6IlZrQXBpIiwiYXVkIjoiVmtBcGkifQ.FtI7dMLvoRZcIxva0qItGZdR7Plwd91tA5ztgLPxRvE","email":"test@mail.com","userId":0}}
2023-11-10 22:24:20.961 [INF] -------------Request-End------------
2023-11-10 22:24:36.726 [INF] LogErrorHandlerMiddleware.Invoke
2023-11-10 22:24:36.726 [INF] HeartBeat
2023-11-10 22:24:36.726 [INF] LogRequestLoggingMiddleware.Invoke
2023-11-10 22:26:15.569 [INF] App server is starting.
2023-11-10 22:26:30.414 [INF] LogErrorHandlerMiddleware.Invoke
2023-11-10 22:26:30.415 [INF] HeartBeat
2023-11-10 22:26:30.416 [INF] LogRequestLoggingMiddleware.Invoke
2023-11-10 22:26:32.044 [INF] -------------Request-Begin------------
2023-11-10 22:26:32.045 [INF] Http Request Information: 
Schema:https 
Host: localhost:44309 
Path: /dealer/api/v1/Token 
QueryString:  
Request Body: {
  "email": "test@mail.com",
  "password": "12345"
}
2023-11-10 22:26:32.045 [INF] 

2023-11-10 22:26:32.045 [INF] Http Response Information: 
Schema:https 
Host: localhost:44309 
Path: /dealer/api/v1/Token 
QueryString:  
StatusCode: 200 
Response Body: {"success":true,"message":"Success","response":{"expireDate":"2023-11-10T22:31:32.0276031+03:00","token":"eyJhbGciOiJodHRwOi8vd3d3LnczLm9yZy8yMDAxLzA0L3htbGRzaWctbW9yZSNobWFjLXNoYTI1NiIsInR5cCI6IkpXVCJ9.eyJJZCI6IjEiLCJSb2xlIjoiRGVhbGVyIiwiRW1haWwiOiJ0ZXN0QG1haWwuY29tIiwiaHR0cDovL3NjaGVtYXMubWljcm9zb2Z0LmNvbS93cy8yMDA4LzA2L2lkZW50aXR5L2NsYWltcy9yb2xlIjoiRGVhbGVyIiwiRnVsbE5hbWUiOiJheWxpbiB5aWxkaXoiLCJleHAiOjE2OTk2NDQ2OTEsImlzcyI6IlZrQXBpIiwiYXVkIjoiVmtBcGkifQ.01fOKRhRkVCHBDVhSMt4-EN_O8HdjgmE7h3dzvwYAi8","email":"test@mail.com","userId":0}}
2023-11-10 22:26:32.045 [INF] -------------Request-End------------
2023-11-10 22:26:49.197 [INF] LogErrorHandlerMiddleware.Invoke
2023-11-10 22:26:49.197 [INF] HeartBeat
2023-11-10 22:26:49.197 [INF] LogRequestLoggingMiddleware.Invoke
2023-11-10 22:26:51.626 [FTL] Path=/dealer/api/v1/Orders/GetOrderReportsQuery || Method=GET || Exception=The request for procedure 'GetLowStockProducts' failed because 'GetLowStockProducts' is a table valued function object.
2023-11-10 22:27:12.478 [INF] App server is starting.
2023-11-10 22:27:23.533 [INF] LogErrorHandlerMiddleware.Invoke
2023-11-10 22:27:23.533 [INF] HeartBeat
2023-11-10 22:27:23.534 [INF] LogRequestLoggingMiddleware.Invoke
2023-11-10 22:27:25.243 [INF] -------------Request-Begin------------
2023-11-10 22:27:25.243 [INF] Http Request Information: 
Schema:https 
Host: localhost:44309 
Path: /dealer/api/v1/Token 
QueryString:  
Request Body: {
  "email": "test@mail.com",
  "password": "12345"
}
2023-11-10 22:27:25.243 [INF] 

2023-11-10 22:27:25.243 [INF] Http Response Information: 
Schema:https 
Host: localhost:44309 
Path: /dealer/api/v1/Token 
QueryString:  
StatusCode: 200 
Response Body: {"success":true,"message":"Success","response":{"expireDate":"2023-11-10T22:32:25.2235789+03:00","token":"eyJhbGciOiJodHRwOi8vd3d3LnczLm9yZy8yMDAxLzA0L3htbGRzaWctbW9yZSNobWFjLXNoYTI1NiIsInR5cCI6IkpXVCJ9.eyJJZCI6IjEiLCJSb2xlIjoiRGVhbGVyIiwiRW1haWwiOiJ0ZXN0QG1haWwuY29tIiwiaHR0cDovL3NjaGVtYXMubWljcm9zb2Z0LmNvbS93cy8yMDA4LzA2L2lkZW50aXR5L2NsYWltcy9yb2xlIjoiRGVhbGVyIiwiRnVsbE5hbWUiOiJheWxpbiB5aWxkaXoiLCJleHAiOjE2OTk2NDQ3NDUsImlzcyI6IlZrQXBpIiwiYXVkIjoiVmtBcGkifQ.4iMsiWjBxQgWxwO68tjCSl3cnTlEDLKB_2n9bE93pHs","email":"test@mail.com","userId":0}}
2023-11-10 22:27:25.243 [INF] -------------Request-End------------
2023-11-10 22:27:38.564 [INF] LogErrorHandlerMiddleware.Invoke
2023-11-10 22:27:38.564 [INF] HeartBeat
2023-11-10 22:27:38.564 [INF] LogRequestLoggingMiddleware.Invoke
2023-11-10 22:29:32.483 [INF] App server is starting.
2023-11-10 22:29:44.954 [INF] LogErrorHandlerMiddleware.Invoke
2023-11-10 22:29:44.955 [INF] HeartBeat
2023-11-10 22:29:44.956 [INF] LogRequestLoggingMiddleware.Invoke
2023-11-10 22:29:47.020 [INF] -------------Request-Begin------------
2023-11-10 22:29:47.020 [INF] Http Request Information: 
Schema:https 
Host: localhost:44309 
Path: /dealer/api/v1/Token 
QueryString:  
Request Body: {
  "email": "test@mail.com",
  "password": "12345"
}
2023-11-10 22:29:47.020 [INF] 

2023-11-10 22:29:47.020 [INF] Http Response Information: 
Schema:https 
Host: localhost:44309 
Path: /dealer/api/v1/Token 
QueryString:  
StatusCode: 200 
Response Body: {"success":true,"message":"Success","response":{"expireDate":"2023-11-10T22:34:47.0034859+03:00","token":"eyJhbGciOiJodHRwOi8vd3d3LnczLm9yZy8yMDAxLzA0L3htbGRzaWctbW9yZSNobWFjLXNoYTI1NiIsInR5cCI6IkpXVCJ9.eyJJZCI6IjEiLCJSb2xlIjoiRGVhbGVyIiwiRW1haWwiOiJ0ZXN0QG1haWwuY29tIiwiaHR0cDovL3NjaGVtYXMubWljcm9zb2Z0LmNvbS93cy8yMDA4LzA2L2lkZW50aXR5L2NsYWltcy9yb2xlIjoiRGVhbGVyIiwiRnVsbE5hbWUiOiJheWxpbiB5aWxkaXoiLCJleHAiOjE2OTk2NDQ4ODYsImlzcyI6IlZrQXBpIiwiYXVkIjoiVmtBcGkifQ.6_h6T_7U2mvYlMD0c2-1sRHrQdEbd77p4JZXCrOCh7c","email":"test@mail.com","userId":0}}
2023-11-10 22:29:47.020 [INF] -------------Request-End------------
2023-11-10 22:30:02.571 [INF] LogErrorHandlerMiddleware.Invoke
2023-11-10 22:30:02.571 [INF] HeartBeat
2023-11-10 22:30:02.571 [INF] LogRequestLoggingMiddleware.Invoke
2023-11-10 22:30:04.958 [FTL] Path=/dealer/api/v1/Orders/GetOrderReportsQuery || Method=GET || Exception=The request for procedure 'GetLowStockProducts' failed because 'GetLowStockProducts' is a table valued function object.
2023-11-10 22:44:13.237 [INF] App server is starting.
2023-11-10 22:44:52.874 [INF] LogErrorHandlerMiddleware.Invoke
2023-11-10 22:44:52.876 [INF] HeartBeat
2023-11-10 22:44:52.877 [INF] LogRequestLoggingMiddleware.Invoke
2023-11-10 22:44:54.720 [INF] -------------Request-Begin------------
2023-11-10 22:44:54.721 [INF] Http Request Information: 
Schema:https 
Host: localhost:44309 
Path: /dealer/api/v1/Token 
QueryString:  
Request Body: {
  "email": "test@mail.com",
  "password": "12345"
}
2023-11-10 22:44:54.721 [INF] 

2023-11-10 22:44:54.721 [INF] Http Response Information: 
Schema:https 
Host: localhost:44309 
Path: /dealer/api/v1/Token 
QueryString:  
StatusCode: 200 
Response Body: {"success":true,"message":"Success","response":{"expireDate":"2023-11-10T22:49:54.6934529+03:00","token":"eyJhbGciOiJodHRwOi8vd3d3LnczLm9yZy8yMDAxLzA0L3htbGRzaWctbW9yZSNobWFjLXNoYTI1NiIsInR5cCI6IkpXVCJ9.eyJJZCI6IjEiLCJSb2xlIjoiRGVhbGVyIiwiRW1haWwiOiJ0ZXN0QG1haWwuY29tIiwiaHR0cDovL3NjaGVtYXMubWljcm9zb2Z0LmNvbS93cy8yMDA4LzA2L2lkZW50aXR5L2NsYWltcy9yb2xlIjoiRGVhbGVyIiwiRnVsbE5hbWUiOiJheWxpbiB5aWxkaXoiLCJleHAiOjE2OTk2NDU3OTQsImlzcyI6IlZrQXBpIiwiYXVkIjoiVmtBcGkifQ.OucL71cnIuc1ut3Qj64L7Vd86sM2IcGQS1aaUrZfVmU","email":"test@mail.com","userId":0}}
2023-11-10 22:44:54.721 [INF] -------------Request-End------------
2023-11-10 22:45:18.595 [INF] LogErrorHandlerMiddleware.Invoke
2023-11-10 22:45:18.595 [INF] HeartBeat
2023-11-10 22:45:18.595 [INF] LogRequestLoggingMiddleware.Invoke
2023-11-10 22:46:53.937 [INF] App server is starting.
2023-11-10 22:47:34.956 [INF] LogErrorHandlerMiddleware.Invoke
2023-11-10 22:47:34.957 [INF] HeartBeat
2023-11-10 22:47:34.958 [INF] LogRequestLoggingMiddleware.Invoke
2023-11-10 22:47:36.648 [INF] -------------Request-Begin------------
2023-11-10 22:47:36.649 [INF] Http Request Information: 
Schema:https 
Host: localhost:44309 
Path: /dealer/api/v1/Token 
QueryString:  
Request Body: {
  "email": "test@mail.com",
  "password": "12345"
}
2023-11-10 22:47:36.649 [INF] 

2023-11-10 22:47:36.649 [INF] Http Response Information: 
Schema:https 
Host: localhost:44309 
Path: /dealer/api/v1/Token 
QueryString:  
StatusCode: 200 
Response Body: {"success":true,"message":"Success","response":{"expireDate":"2023-11-10T22:52:36.6292698+03:00","token":"eyJhbGciOiJodHRwOi8vd3d3LnczLm9yZy8yMDAxLzA0L3htbGRzaWctbW9yZSNobWFjLXNoYTI1NiIsInR5cCI6IkpXVCJ9.eyJJZCI6IjEiLCJSb2xlIjoiRGVhbGVyIiwiRW1haWwiOiJ0ZXN0QG1haWwuY29tIiwiaHR0cDovL3NjaGVtYXMubWljcm9zb2Z0LmNvbS93cy8yMDA4LzA2L2lkZW50aXR5L2NsYWltcy9yb2xlIjoiRGVhbGVyIiwiRnVsbE5hbWUiOiJheWxpbiB5aWxkaXoiLCJleHAiOjE2OTk2NDU5NTYsImlzcyI6IlZrQXBpIiwiYXVkIjoiVmtBcGkifQ.UMQ50CuhxU72DllzpFH-zHKoNo-1wAJKH0syxcRAdoE","email":"test@mail.com","userId":0}}
2023-11-10 22:47:36.649 [INF] -------------Request-End------------
2023-11-10 22:47:56.850 [INF] LogErrorHandlerMiddleware.Invoke
2023-11-10 22:47:56.852 [INF] HeartBeat
2023-11-10 22:47:56.852 [INF] LogRequestLoggingMiddleware.Invoke
2023-11-10 22:48:15.156 [FTL] Path=/dealer/api/v1/Orders/GetOrderReportsQuery || Method=GET || Exception=Unable to cast object of type 'System.Collections.Generic.List`1[System.Object]' to type 'Base.Response.ApiResponse'.
2023-11-10 22:48:55.659 [INF] LogErrorHandlerMiddleware.Invoke
2023-11-10 22:48:55.662 [INF] HeartBeat
2023-11-10 22:48:55.662 [INF] LogRequestLoggingMiddleware.Invoke
2023-11-10 22:55:31.930 [INF] App server is starting.
2023-11-10 22:55:55.325 [INF] LogErrorHandlerMiddleware.Invoke
2023-11-10 22:55:55.326 [INF] HeartBeat
2023-11-10 22:55:55.327 [INF] LogRequestLoggingMiddleware.Invoke
2023-11-10 22:55:56.948 [INF] -------------Request-Begin------------
2023-11-10 22:55:56.949 [INF] Http Request Information: 
Schema:https 
Host: localhost:44309 
Path: /dealer/api/v1/Token 
QueryString:  
Request Body: {
  "email": "test@mail.com",
  "password": "12345"
}
2023-11-10 22:55:56.949 [INF] 

2023-11-10 22:55:56.949 [INF] Http Response Information: 
Schema:https 
Host: localhost:44309 
Path: /dealer/api/v1/Token 
QueryString:  
StatusCode: 200 
Response Body: {"success":true,"message":"Success","response":{"expireDate":"2023-11-10T23:00:56.9338904+03:00","token":"eyJhbGciOiJodHRwOi8vd3d3LnczLm9yZy8yMDAxLzA0L3htbGRzaWctbW9yZSNobWFjLXNoYTI1NiIsInR5cCI6IkpXVCJ9.eyJJZCI6IjEiLCJSb2xlIjoiRGVhbGVyIiwiRW1haWwiOiJ0ZXN0QG1haWwuY29tIiwiaHR0cDovL3NjaGVtYXMubWljcm9zb2Z0LmNvbS93cy8yMDA4LzA2L2lkZW50aXR5L2NsYWltcy9yb2xlIjoiRGVhbGVyIiwiRnVsbE5hbWUiOiJheWxpbiB5aWxkaXoiLCJleHAiOjE2OTk2NDY0NTYsImlzcyI6IlZrQXBpIiwiYXVkIjoiVmtBcGkifQ.0lTVBDDt6vXQ2x6jBUczZxo8Kvtr9tCoFqim9meFu5I","email":"test@mail.com","userId":0}}
2023-11-10 22:55:56.949 [INF] -------------Request-End------------
2023-11-10 22:56:15.254 [INF] LogErrorHandlerMiddleware.Invoke
2023-11-10 22:56:15.255 [INF] HeartBeat
2023-11-10 22:56:15.255 [INF] LogRequestLoggingMiddleware.Invoke
2023-11-10 22:56:38.998 [FTL] Path=/dealer/api/v1/Orders/GetOrderReportsQuery || Method=GET || Exception=Unable to cast object of type 'System.Collections.Generic.List`1[System.Collections.Generic.List`1[Schema.LowStock]]' to type 'Base.Response.ApiResponse`1[System.Collections.Generic.List`1[Schema.LowStock]]'.
2023-11-10 22:59:09.787 [INF] App server is starting.
2023-11-10 22:59:30.422 [INF] LogErrorHandlerMiddleware.Invoke
2023-11-10 22:59:30.423 [INF] HeartBeat
2023-11-10 22:59:30.424 [INF] LogRequestLoggingMiddleware.Invoke
2023-11-10 22:59:32.189 [INF] -------------Request-Begin------------
2023-11-10 22:59:32.189 [INF] Http Request Information: 
Schema:https 
Host: localhost:44309 
Path: /dealer/api/v1/Token 
QueryString:  
Request Body: {
  "email": "test@mail.com",
  "password": "12345"
}
2023-11-10 22:59:32.189 [INF] 

2023-11-10 22:59:32.189 [INF] Http Response Information: 
Schema:https 
Host: localhost:44309 
Path: /dealer/api/v1/Token 
QueryString:  
StatusCode: 200 
Response Body: {"success":true,"message":"Success","response":{"expireDate":"2023-11-10T23:04:32.172338+03:00","token":"eyJhbGciOiJodHRwOi8vd3d3LnczLm9yZy8yMDAxLzA0L3htbGRzaWctbW9yZSNobWFjLXNoYTI1NiIsInR5cCI6IkpXVCJ9.eyJJZCI6IjEiLCJSb2xlIjoiRGVhbGVyIiwiRW1haWwiOiJ0ZXN0QG1haWwuY29tIiwiaHR0cDovL3NjaGVtYXMubWljcm9zb2Z0LmNvbS93cy8yMDA4LzA2L2lkZW50aXR5L2NsYWltcy9yb2xlIjoiRGVhbGVyIiwiRnVsbE5hbWUiOiJheWxpbiB5aWxkaXoiLCJleHAiOjE2OTk2NDY2NzIsImlzcyI6IlZrQXBpIiwiYXVkIjoiVmtBcGkifQ.R88fGr31L8PjNKjZOa6DFK2aQDo2-2CvlVEcoYJHBrs","email":"test@mail.com","userId":0}}
2023-11-10 22:59:32.189 [INF] -------------Request-End------------
2023-11-10 22:59:51.789 [INF] LogErrorHandlerMiddleware.Invoke
2023-11-10 22:59:51.789 [INF] HeartBeat
2023-11-10 22:59:51.789 [INF] LogRequestLoggingMiddleware.Invoke
2023-11-10 22:59:56.488 [FTL] Path=/dealer/api/v1/Orders/GetOrderReportsQuery || Method=GET || Exception=The request for procedure 'GetLowStockProducts' failed because 'GetLowStockProducts' is a table valued function object.
2023-11-10 23:01:09.915 [INF] App server is starting.
2023-11-10 23:01:36.643 [INF] LogErrorHandlerMiddleware.Invoke
2023-11-10 23:01:36.644 [INF] HeartBeat
2023-11-10 23:01:36.645 [INF] LogRequestLoggingMiddleware.Invoke
2023-11-10 23:01:38.408 [INF] -------------Request-Begin------------
2023-11-10 23:01:38.408 [INF] Http Request Information: 
Schema:https 
Host: localhost:44309 
Path: /dealer/api/v1/Token 
QueryString:  
Request Body: {
  "email": "test@mail.com",
  "password": "12345"
}
2023-11-10 23:01:38.408 [INF] 

2023-11-10 23:01:38.408 [INF] Http Response Information: 
Schema:https 
Host: localhost:44309 
Path: /dealer/api/v1/Token 
QueryString:  
StatusCode: 200 
Response Body: {"success":true,"message":"Success","response":{"expireDate":"2023-11-10T23:06:38.3801008+03:00","token":"eyJhbGciOiJodHRwOi8vd3d3LnczLm9yZy8yMDAxLzA0L3htbGRzaWctbW9yZSNobWFjLXNoYTI1NiIsInR5cCI6IkpXVCJ9.eyJJZCI6IjEiLCJSb2xlIjoiRGVhbGVyIiwiRW1haWwiOiJ0ZXN0QG1haWwuY29tIiwiaHR0cDovL3NjaGVtYXMubWljcm9zb2Z0LmNvbS93cy8yMDA4LzA2L2lkZW50aXR5L2NsYWltcy9yb2xlIjoiRGVhbGVyIiwiRnVsbE5hbWUiOiJheWxpbiB5aWxkaXoiLCJleHAiOjE2OTk2NDY3OTgsImlzcyI6IlZrQXBpIiwiYXVkIjoiVmtBcGkifQ.lwD-DLSzA5Prxjlq53jXs_itNKiYFPEufEpFzYSwvHE","email":"test@mail.com","userId":0}}
2023-11-10 23:01:38.408 [INF] -------------Request-End------------
2023-11-10 23:01:56.785 [INF] LogErrorHandlerMiddleware.Invoke
2023-11-10 23:01:56.785 [INF] HeartBeat
2023-11-10 23:01:56.785 [INF] LogRequestLoggingMiddleware.Invoke
2023-11-10 23:02:03.873 [FTL] Path=/dealer/api/v1/Orders/GetOrderReportsQuery || Method=GET || Exception=Could not find stored procedure 'SELECT * FROM dbo.GetLowStockProducts'.
2023-11-10 23:04:01.787 [INF] App server is starting.
2023-11-10 23:04:21.328 [INF] LogErrorHandlerMiddleware.Invoke
2023-11-10 23:04:21.329 [INF] HeartBeat
2023-11-10 23:04:21.330 [INF] LogRequestLoggingMiddleware.Invoke
2023-11-10 23:04:23.196 [INF] -------------Request-Begin------------
2023-11-10 23:04:23.196 [INF] Http Request Information: 
Schema:https 
Host: localhost:44309 
Path: /dealer/api/v1/Token 
QueryString:  
Request Body: {
  "email": "test@mail.com",
  "password": "12345"
}
2023-11-10 23:04:23.196 [INF] 

2023-11-10 23:04:23.197 [INF] Http Response Information: 
Schema:https 
Host: localhost:44309 
Path: /dealer/api/v1/Token 
QueryString:  
StatusCode: 200 
Response Body: {"success":true,"message":"Success","response":{"expireDate":"2023-11-10T23:09:23.177524+03:00","token":"eyJhbGciOiJodHRwOi8vd3d3LnczLm9yZy8yMDAxLzA0L3htbGRzaWctbW9yZSNobWFjLXNoYTI1NiIsInR5cCI6IkpXVCJ9.eyJJZCI6IjEiLCJSb2xlIjoiRGVhbGVyIiwiRW1haWwiOiJ0ZXN0QG1haWwuY29tIiwiaHR0cDovL3NjaGVtYXMubWljcm9zb2Z0LmNvbS93cy8yMDA4LzA2L2lkZW50aXR5L2NsYWltcy9yb2xlIjoiRGVhbGVyIiwiRnVsbE5hbWUiOiJheWxpbiB5aWxkaXoiLCJleHAiOjE2OTk2NDY5NjMsImlzcyI6IlZrQXBpIiwiYXVkIjoiVmtBcGkifQ.gEo_ucSeGh9O6JxV6U-G6iErA59y56kJE6tq5kalE2A","email":"test@mail.com","userId":0}}
2023-11-10 23:04:23.197 [INF] -------------Request-End------------
2023-11-10 23:04:41.307 [INF] LogErrorHandlerMiddleware.Invoke
2023-11-10 23:04:41.307 [INF] HeartBeat
2023-11-10 23:04:41.307 [INF] LogRequestLoggingMiddleware.Invoke
2023-11-10 23:04:44.692 [FTL] Path=/dealer/api/v1/Orders/GetOrderReportsQuery || Method=GET || Exception=Parameters were not supplied for the function 'dbo.GetLowStockProducts'.
2023-11-10 23:05:53.669 [INF] App server is starting.
2023-11-10 23:06:20.654 [INF] LogErrorHandlerMiddleware.Invoke
2023-11-10 23:06:20.655 [INF] HeartBeat
2023-11-10 23:06:20.656 [INF] LogRequestLoggingMiddleware.Invoke
2023-11-10 23:06:22.304 [INF] -------------Request-Begin------------
2023-11-10 23:06:22.304 [INF] Http Request Information: 
Schema:https 
Host: localhost:44309 
Path: /dealer/api/v1/Token 
QueryString:  
Request Body: {
  "email": "test@mail.com",
  "password": "12345"
}
2023-11-10 23:06:22.305 [INF] 

2023-11-10 23:06:22.305 [INF] Http Response Information: 
Schema:https 
Host: localhost:44309 
Path: /dealer/api/v1/Token 
QueryString:  
StatusCode: 200 
Response Body: {"success":true,"message":"Success","response":{"expireDate":"2023-11-10T23:11:22.288997+03:00","token":"eyJhbGciOiJodHRwOi8vd3d3LnczLm9yZy8yMDAxLzA0L3htbGRzaWctbW9yZSNobWFjLXNoYTI1NiIsInR5cCI6IkpXVCJ9.eyJJZCI6IjEiLCJSb2xlIjoiRGVhbGVyIiwiRW1haWwiOiJ0ZXN0QG1haWwuY29tIiwiaHR0cDovL3NjaGVtYXMubWljcm9zb2Z0LmNvbS93cy8yMDA4LzA2L2lkZW50aXR5L2NsYWltcy9yb2xlIjoiRGVhbGVyIiwiRnVsbE5hbWUiOiJheWxpbiB5aWxkaXoiLCJleHAiOjE2OTk2NDcwODIsImlzcyI6IlZrQXBpIiwiYXVkIjoiVmtBcGkifQ.hWWF6v0vxf25yC8Ub6pKul1vFHJWznYkpru1jZHvYKs","email":"test@mail.com","userId":0}}
2023-11-10 23:06:22.305 [INF] -------------Request-End------------
2023-11-10 23:06:44.430 [INF] LogErrorHandlerMiddleware.Invoke
2023-11-10 23:06:44.431 [INF] HeartBeat
2023-11-10 23:06:44.431 [INF] LogRequestLoggingMiddleware.Invoke
2023-11-10 23:06:49.306 [FTL] Path=/dealer/api/v1/Orders/GetOrderReportsQuery || Method=GET || Exception=Parameters were not supplied for the function 'dbo.GetLowStockProducts'.
2023-11-10 23:08:36.626 [INF] App server is starting.
2023-11-10 23:08:53.916 [INF] LogErrorHandlerMiddleware.Invoke
2023-11-10 23:08:53.917 [INF] HeartBeat
2023-11-10 23:08:53.920 [INF] LogRequestLoggingMiddleware.Invoke
2023-11-10 23:08:55.570 [INF] -------------Request-Begin------------
2023-11-10 23:08:55.570 [INF] Http Request Information: 
Schema:https 
Host: localhost:44309 
Path: /dealer/api/v1/Token 
QueryString:  
Request Body: {
  "email": "test@mail.com",
  "password": "12345"
}
2023-11-10 23:08:55.570 [INF] 

2023-11-10 23:08:55.570 [INF] Http Response Information: 
Schema:https 
Host: localhost:44309 
Path: /dealer/api/v1/Token 
QueryString:  
StatusCode: 200 
Response Body: {"success":true,"message":"Success","response":{"expireDate":"2023-11-10T23:13:55.5533468+03:00","token":"eyJhbGciOiJodHRwOi8vd3d3LnczLm9yZy8yMDAxLzA0L3htbGRzaWctbW9yZSNobWFjLXNoYTI1NiIsInR5cCI6IkpXVCJ9.eyJJZCI6IjEiLCJSb2xlIjoiRGVhbGVyIiwiRW1haWwiOiJ0ZXN0QG1haWwuY29tIiwiaHR0cDovL3NjaGVtYXMubWljcm9zb2Z0LmNvbS93cy8yMDA4LzA2L2lkZW50aXR5L2NsYWltcy9yb2xlIjoiRGVhbGVyIiwiRnVsbE5hbWUiOiJheWxpbiB5aWxkaXoiLCJleHAiOjE2OTk2NDcyMzUsImlzcyI6IlZrQXBpIiwiYXVkIjoiVmtBcGkifQ.rY2bUHz7vOhuSVgHGbyWclWIDCc-OArI6sP0631qAnE","email":"test@mail.com","userId":0}}
2023-11-10 23:08:55.570 [INF] -------------Request-End------------
2023-11-10 23:09:17.853 [INF] LogErrorHandlerMiddleware.Invoke
2023-11-10 23:09:17.854 [INF] HeartBeat
2023-11-10 23:09:17.854 [INF] LogRequestLoggingMiddleware.Invoke
2023-11-10 23:10:46.056 [INF] App server is starting.
2023-11-10 23:11:09.475 [INF] LogErrorHandlerMiddleware.Invoke
2023-11-10 23:11:09.476 [INF] HeartBeat
2023-11-10 23:11:09.477 [INF] LogRequestLoggingMiddleware.Invoke
2023-11-10 23:11:11.276 [INF] -------------Request-Begin------------
2023-11-10 23:11:11.277 [INF] Http Request Information: 
Schema:https 
Host: localhost:44309 
Path: /dealer/api/v1/Token 
QueryString:  
Request Body: {
  "email": "test@mail.com",
  "password": "12345"
}
2023-11-10 23:11:11.277 [INF] 

2023-11-10 23:11:11.277 [INF] Http Response Information: 
Schema:https 
Host: localhost:44309 
Path: /dealer/api/v1/Token 
QueryString:  
StatusCode: 200 
Response Body: {"success":true,"message":"Success","response":{"expireDate":"2023-11-10T23:16:11.2541903+03:00","token":"eyJhbGciOiJodHRwOi8vd3d3LnczLm9yZy8yMDAxLzA0L3htbGRzaWctbW9yZSNobWFjLXNoYTI1NiIsInR5cCI6IkpXVCJ9.eyJJZCI6IjEiLCJSb2xlIjoiRGVhbGVyIiwiRW1haWwiOiJ0ZXN0QG1haWwuY29tIiwiaHR0cDovL3NjaGVtYXMubWljcm9zb2Z0LmNvbS93cy8yMDA4LzA2L2lkZW50aXR5L2NsYWltcy9yb2xlIjoiRGVhbGVyIiwiRnVsbE5hbWUiOiJheWxpbiB5aWxkaXoiLCJleHAiOjE2OTk2NDczNzEsImlzcyI6IlZrQXBpIiwiYXVkIjoiVmtBcGkifQ.moLol7zDFZNbntHq193LHKRjVmE9TThD4BSapSAv9t0","email":"test@mail.com","userId":0}}
2023-11-10 23:11:11.277 [INF] -------------Request-End------------
2023-11-10 23:11:30.623 [INF] LogErrorHandlerMiddleware.Invoke
2023-11-10 23:11:30.623 [INF] HeartBeat
2023-11-10 23:11:30.623 [INF] LogRequestLoggingMiddleware.Invoke
2023-11-10 23:11:41.869 [FTL] Path=/dealer/api/v1/Orders/GetOrderReportsQuery || Method=GET || Exception=Unable to cast object of type 'DapperRow' to type 'Base.Response.ApiResponse'.
2023-11-10 23:15:40.632 [INF] App server is starting.
2023-11-10 23:16:03.196 [INF] LogErrorHandlerMiddleware.Invoke
2023-11-10 23:16:03.197 [INF] HeartBeat
2023-11-10 23:16:03.197 [INF] LogRequestLoggingMiddleware.Invoke
2023-11-10 23:16:05.001 [INF] -------------Request-Begin------------
2023-11-10 23:16:05.002 [INF] Http Request Information: 
Schema:https 
Host: localhost:44309 
Path: /dealer/api/v1/Token 
QueryString:  
Request Body: {
  "email": "test@mail.com",
  "password": "12345"
}
2023-11-10 23:16:05.002 [INF] 

2023-11-10 23:16:05.002 [INF] Http Response Information: 
Schema:https 
Host: localhost:44309 
Path: /dealer/api/v1/Token 
QueryString:  
StatusCode: 200 
Response Body: {"success":true,"message":"Success","response":{"expireDate":"2023-11-10T23:21:04.9852147+03:00","token":"eyJhbGciOiJodHRwOi8vd3d3LnczLm9yZy8yMDAxLzA0L3htbGRzaWctbW9yZSNobWFjLXNoYTI1NiIsInR5cCI6IkpXVCJ9.eyJJZCI6IjEiLCJSb2xlIjoiRGVhbGVyIiwiRW1haWwiOiJ0ZXN0QG1haWwuY29tIiwiaHR0cDovL3NjaGVtYXMubWljcm9zb2Z0LmNvbS93cy8yMDA4LzA2L2lkZW50aXR5L2NsYWltcy9yb2xlIjoiRGVhbGVyIiwiRnVsbE5hbWUiOiJheWxpbiB5aWxkaXoiLCJleHAiOjE2OTk2NDc2NjQsImlzcyI6IlZrQXBpIiwiYXVkIjoiVmtBcGkifQ.pmJIR65vAPayPHkefYO6j_4-FQVvRmkWfA2BIFq_3KQ","email":"test@mail.com","userId":0}}
2023-11-10 23:16:05.002 [INF] -------------Request-End------------
2023-11-10 23:16:26.953 [INF] LogErrorHandlerMiddleware.Invoke
2023-11-10 23:16:26.985 [INF] HeartBeat
2023-11-10 23:16:26.985 [INF] LogRequestLoggingMiddleware.Invoke
2023-11-10 23:16:31.632 [FTL] Path=/dealer/api/v1/Orders/GetOrderReportsQuery || Method=GET || Exception=Unable to cast object of type 'System.Collections.Generic.List`1[System.Object]' to type 'System.Collections.Generic.List`1[Schema.LowStock]'.
2023-11-10 23:25:48.023 [INF] App server is starting.
2023-11-10 23:26:06.368 [INF] LogErrorHandlerMiddleware.Invoke
2023-11-10 23:26:06.369 [INF] HeartBeat
2023-11-10 23:26:06.370 [INF] LogRequestLoggingMiddleware.Invoke
2023-11-10 23:26:08.103 [INF] -------------Request-Begin------------
2023-11-10 23:26:08.104 [INF] Http Request Information: 
Schema:https 
Host: localhost:44309 
Path: /dealer/api/v1/Token 
QueryString:  
Request Body: {
  "email": "test@mail.com",
  "password": "12345"
}
2023-11-10 23:26:08.104 [INF] 

2023-11-10 23:26:08.104 [INF] Http Response Information: 
Schema:https 
Host: localhost:44309 
Path: /dealer/api/v1/Token 
QueryString:  
StatusCode: 200 
Response Body: {"success":true,"message":"Success","response":{"expireDate":"2023-11-10T23:31:08.0805987+03:00","token":"eyJhbGciOiJodHRwOi8vd3d3LnczLm9yZy8yMDAxLzA0L3htbGRzaWctbW9yZSNobWFjLXNoYTI1NiIsInR5cCI6IkpXVCJ9.eyJJZCI6IjEiLCJSb2xlIjoiRGVhbGVyIiwiRW1haWwiOiJ0ZXN0QG1haWwuY29tIiwiaHR0cDovL3NjaGVtYXMubWljcm9zb2Z0LmNvbS93cy8yMDA4LzA2L2lkZW50aXR5L2NsYWltcy9yb2xlIjoiRGVhbGVyIiwiRnVsbE5hbWUiOiJheWxpbiB5aWxkaXoiLCJleHAiOjE2OTk2NDgyNjcsImlzcyI6IlZrQXBpIiwiYXVkIjoiVmtBcGkifQ.Jv0aO83EobGPsJwjyGGfe7Tf-oGtzfa1CbTdE5MsPR0","email":"test@mail.com","userId":0}}
2023-11-10 23:26:08.105 [INF] -------------Request-End------------
2023-11-10 23:26:27.278 [INF] LogErrorHandlerMiddleware.Invoke
2023-11-10 23:26:27.278 [INF] HeartBeat
2023-11-10 23:26:27.279 [INF] LogRequestLoggingMiddleware.Invoke
2023-11-10 23:26:31.584 [FTL] Path=/dealer/api/v1/Orders/GetOrderReportsQuery || Method=GET || Exception=Unable to cast object of type 'System.Collections.Generic.List`1[System.Collections.Generic.List`1[Schema.LowStock]]' to type 'System.Collections.Generic.IEnumerable`1[Schema.LowStock]'.
2023-11-10 23:27:28.901 [INF] App server is starting.
2023-11-10 23:27:48.326 [INF] LogErrorHandlerMiddleware.Invoke
2023-11-10 23:27:48.327 [INF] HeartBeat
2023-11-10 23:27:48.328 [INF] LogRequestLoggingMiddleware.Invoke
2023-11-10 23:27:50.173 [INF] -------------Request-Begin------------
2023-11-10 23:27:50.174 [INF] Http Request Information: 
Schema:https 
Host: localhost:44309 
Path: /dealer/api/v1/Token 
QueryString:  
Request Body: {
  "email": "test@mail.com",
  "password": "12345"
}
2023-11-10 23:27:50.174 [INF] 

2023-11-10 23:27:50.174 [INF] Http Response Information: 
Schema:https 
Host: localhost:44309 
Path: /dealer/api/v1/Token 
QueryString:  
StatusCode: 200 
Response Body: {"success":true,"message":"Success","response":{"expireDate":"2023-11-10T23:32:50.1534509+03:00","token":"eyJhbGciOiJodHRwOi8vd3d3LnczLm9yZy8yMDAxLzA0L3htbGRzaWctbW9yZSNobWFjLXNoYTI1NiIsInR5cCI6IkpXVCJ9.eyJJZCI6IjEiLCJSb2xlIjoiRGVhbGVyIiwiRW1haWwiOiJ0ZXN0QG1haWwuY29tIiwiaHR0cDovL3NjaGVtYXMubWljcm9zb2Z0LmNvbS93cy8yMDA4LzA2L2lkZW50aXR5L2NsYWltcy9yb2xlIjoiRGVhbGVyIiwiRnVsbE5hbWUiOiJheWxpbiB5aWxkaXoiLCJleHAiOjE2OTk2NDgzNzAsImlzcyI6IlZrQXBpIiwiYXVkIjoiVmtBcGkifQ.fUxYnaxI8OY0NsabkM1qbTPt9ggBYsERX5W9ZOK6ekQ","email":"test@mail.com","userId":0}}
2023-11-10 23:27:50.174 [INF] -------------Request-End------------
2023-11-10 23:28:11.264 [INF] LogErrorHandlerMiddleware.Invoke
2023-11-10 23:28:11.265 [INF] HeartBeat
2023-11-10 23:28:11.265 [INF] LogRequestLoggingMiddleware.Invoke
2023-11-10 23:28:26.970 [FTL] Path=/dealer/api/v1/Orders/GetOrderReportsQuery || Method=GET || Exception=Unable to cast object of type 'System.Collections.Generic.List`1[Schema.LowStock]' to type 'Base.Response.ApiResponse`1[System.Collections.Generic.List`1[Schema.LowStock]]'.
2023-11-10 23:29:09.433 [INF] LogErrorHandlerMiddleware.Invoke
2023-11-10 23:29:09.434 [INF] HeartBeat
2023-11-10 23:29:09.434 [INF] LogRequestLoggingMiddleware.Invoke
2023-11-10 23:29:36.192 [FTL] Path=/dealer/api/v1/Orders/GetOrderReportsQuery || Method=GET || Exception=Unable to cast object of type 'System.Collections.Generic.List`1[Schema.LowStock]' to type 'Base.Response.ApiResponse`1[System.Collections.Generic.List`1[Schema.LowStock]]'.
2023-11-10 23:32:07.146 [INF] App server is starting.
2023-11-10 23:32:27.743 [INF] LogErrorHandlerMiddleware.Invoke
2023-11-10 23:32:27.746 [INF] HeartBeat
2023-11-10 23:32:27.750 [INF] LogRequestLoggingMiddleware.Invoke
2023-11-10 23:32:35.175 [INF] -------------Request-Begin------------
2023-11-10 23:32:35.176 [INF] Http Request Information: 
Schema:https 
Host: localhost:44309 
Path: /dealer/api/v1/Token 
QueryString:  
Request Body: {
  "email": "test@mail.com",
  "password": "12345"
}
2023-11-10 23:32:35.176 [INF] 

2023-11-10 23:32:35.176 [INF] Http Response Information: 
Schema:https 
Host: localhost:44309 
Path: /dealer/api/v1/Token 
QueryString:  
StatusCode: 200 
Response Body: {"success":true,"message":"Success","response":{"expireDate":"2023-11-10T23:37:35.0915531+03:00","token":"eyJhbGciOiJodHRwOi8vd3d3LnczLm9yZy8yMDAxLzA0L3htbGRzaWctbW9yZSNobWFjLXNoYTI1NiIsInR5cCI6IkpXVCJ9.eyJJZCI6IjEiLCJSb2xlIjoiRGVhbGVyIiwiRW1haWwiOiJ0ZXN0QG1haWwuY29tIiwiaHR0cDovL3NjaGVtYXMubWljcm9zb2Z0LmNvbS93cy8yMDA4LzA2L2lkZW50aXR5L2NsYWltcy9yb2xlIjoiRGVhbGVyIiwiRnVsbE5hbWUiOiJheWxpbiB5aWxkaXoiLCJleHAiOjE2OTk2NDg2NTQsImlzcyI6IlZrQXBpIiwiYXVkIjoiVmtBcGkifQ.ogqG9Q2aHrYZcO2fGZUIWM-mMjZxq5ad8-_nBOnxxpQ","email":"test@mail.com","userId":0}}
2023-11-10 23:32:35.177 [INF] -------------Request-End------------
2023-11-10 23:32:53.558 [INF] LogErrorHandlerMiddleware.Invoke
2023-11-10 23:32:53.558 [INF] HeartBeat
2023-11-10 23:32:53.558 [INF] LogRequestLoggingMiddleware.Invoke
2023-11-10 23:32:58.137 [FTL] Path=/dealer/api/v1/Orders/GetOrderReportsQuery || Method=GET || Exception=A parameterless default constructor or one matching signature (System.Int32 Id, System.String Name, System.Int32 StockQuantity) is required for Base.Response.ApiResponse`1[[Schema.LowStock, Schema, Version=1.0.0.0, Culture=neutral, PublicKeyToken=null]] materialization
2023-11-10 23:35:11.404 [INF] App server is starting.
2023-11-10 23:35:32.737 [INF] LogErrorHandlerMiddleware.Invoke
2023-11-10 23:35:32.740 [INF] HeartBeat
2023-11-10 23:35:32.744 [INF] LogRequestLoggingMiddleware.Invoke
2023-11-10 23:35:40.387 [INF] -------------Request-Begin------------
2023-11-10 23:35:40.388 [INF] Http Request Information: 
Schema:https 
Host: localhost:44309 
Path: /dealer/api/v1/Token 
QueryString:  
Request Body: {
  "email": "test@mail.com",
  "password": "12345"
}
2023-11-10 23:35:40.388 [INF] 

2023-11-10 23:35:40.389 [INF] Http Response Information: 
Schema:https 
Host: localhost:44309 
Path: /dealer/api/v1/Token 
QueryString:  
StatusCode: 200 
Response Body: {"success":true,"message":"Success","response":{"expireDate":"2023-11-10T23:40:40.2928945+03:00","token":"eyJhbGciOiJodHRwOi8vd3d3LnczLm9yZy8yMDAxLzA0L3htbGRzaWctbW9yZSNobWFjLXNoYTI1NiIsInR5cCI6IkpXVCJ9.eyJJZCI6IjEiLCJSb2xlIjoiRGVhbGVyIiwiRW1haWwiOiJ0ZXN0QG1haWwuY29tIiwiaHR0cDovL3NjaGVtYXMubWljcm9zb2Z0LmNvbS93cy8yMDA4LzA2L2lkZW50aXR5L2NsYWltcy9yb2xlIjoiRGVhbGVyIiwiRnVsbE5hbWUiOiJheWxpbiB5aWxkaXoiLCJleHAiOjE2OTk2NDg4MzksImlzcyI6IlZrQXBpIiwiYXVkIjoiVmtBcGkifQ.rjGnNG5CZcQRXo4txzfR_eFHvL3wBlIWsz1F2s4ph28","email":"test@mail.com","userId":0}}
2023-11-10 23:35:40.389 [INF] -------------Request-End------------
2023-11-10 23:36:06.641 [INF] LogErrorHandlerMiddleware.Invoke
2023-11-10 23:36:06.642 [INF] HeartBeat
2023-11-10 23:36:06.642 [INF] LogRequestLoggingMiddleware.Invoke
2023-11-10 23:36:25.672 [INF] -------------Request-Begin------------
2023-11-10 23:36:25.672 [INF] Http Request Information: 
Schema:https 
Host: localhost:44309 
Path: /dealer/api/v1/Orders/GetOrderReportsQuery 
QueryString:  
Request Body: 
2023-11-10 23:36:25.673 [INF] 

2023-11-10 23:36:25.673 [INF] Http Response Information: 
Schema:https 
Host: localhost:44309 
Path: /dealer/api/v1/Orders/GetOrderReportsQuery 
QueryString:  
StatusCode: 200 
Response Body: {"success":true,"message":"Success","response":[{"id":2,"name":"çilek","stockQuantity":2},{"id":3,"name":"kivi","stockQuantity":8}]}
2023-11-10 23:36:25.673 [INF] -------------Request-End------------
